<?xml version="1.0" encoding="UTF-8"?>
<!-- Generated by org.testng.reporters.JUnitReportReporter -->
<testsuite hostname="Siva" failures="0" tests="4" name="ddf_approach_3.LoginTestCase_UsingDataProvider" time="42.825" errors="0" timestamp="2023-12-24T20:52:57 IST" skipped="0">
  <testcase classname="ddf_approach_3.LoginTestCase_UsingDataProvider" name="loginTestCase" time="11.799"/>
  <system-out/>
  <testcase classname="ddf_approach_3.LoginTestCase_UsingDataProvider" name="loginTestCase" time="9.004"/>
  <system-out/>
  <testcase classname="ddf_approach_3.LoginTestCase_UsingDataProvider" name="loginTestCase" time="9.835"/>
  <system-out/>
  <testcase classname="ddf_approach_3.LoginTestCase_UsingDataProvider" name="loginTestCase" time="12.187"/>
  <system-out/>
</testsuite> <!-- ddf_approach_3.LoginTestCase_UsingDataProvider -->
