<?xml version="1.0" encoding="UTF-8"?>
<!-- Generated by org.testng.reporters.JUnitReportReporter -->
<testsuite hostname="Siva" failures="0" tests="1" name="ddf_approach_1.loginTestCase_CorrectCredentials" time="8.230" errors="0" timestamp="2023-12-23T10:11:22 IST" skipped="0">
  <testcase classname="ddf_approach_1.loginTestCase_CorrectCredentials" name="loginWithCorrectPassword" time="8.230"/>
  <system-out/>
</testsuite> <!-- ddf_approach_1.loginTestCase_CorrectCredentials -->
