<?xml version="1.0" encoding="UTF-8"?>
<!-- Generated by org.testng.reporters.JUnitReportReporter -->
<testsuite hostname="Siva" failures="0" tests="1" name="ddf_all_approach.CorrectUsername" time="6.397" errors="0" timestamp="2023-12-23T09:50:07 IST" skipped="0">
  <testcase classname="ddf_all_approach.CorrectUsername" name="loginWithCorrectUsername" time="6.397"/>
  <system-out/>
</testsuite> <!-- ddf_all_approach.CorrectUsername -->
