<?xml version="1.0" encoding="UTF-8"?>
<!-- Generated by org.testng.reporters.JUnitReportReporter -->
<testsuite hostname="Siva" failures="0" tests="4" name="ddf_approach_2.LoginTestCase" time="47.032" errors="0" timestamp="2023-12-23T10:22:08 IST" skipped="0">
  <testcase classname="ddf_approach_2.LoginTestCase" name="loginTestCase" time="11.836"/>
  <system-out/>
  <testcase classname="ddf_approach_2.LoginTestCase" name="loginTestCase" time="11.951"/>
  <system-out/>
  <testcase classname="ddf_approach_2.LoginTestCase" name="loginTestCase" time="11.157"/>
  <system-out/>
  <testcase classname="ddf_approach_2.LoginTestCase" name="loginTestCase" time="12.088"/>
  <system-out/>
</testsuite> <!-- ddf_approach_2.LoginTestCase -->
