<?xml version="1.0" encoding="UTF-8"?>
<!-- Generated by org.testng.reporters.JUnitReportReporter -->
<testsuite hostname="Siva" failures="0" tests="1" name="ddf_all_approach.loginTestCase_CorrectCredentials" time="9.957" errors="0" timestamp="2023-12-23T09:50:07 IST" skipped="0">
  <testcase classname="ddf_all_approach.loginTestCase_CorrectCredentials" name="loginWithCorrectCredentials" time="9.957"/>
  <system-out/>
</testsuite> <!-- ddf_all_approach.loginTestCase_CorrectCredentials -->
