<?xml version="1.0" encoding="UTF-8"?>
<!-- Generated by org.testng.reporters.JUnitReportReporter -->
<testsuite hostname="Siva" failures="0" tests="1" name="ddf_approach_1.CorrectPassword" time="6.232" errors="0" timestamp="2023-12-23T10:11:22 IST" skipped="0">
  <testcase classname="ddf_approach_1.CorrectPassword" name="loginWithCorrectPassword" time="6.232"/>
  <system-out/>
</testsuite> <!-- ddf_approach_1.CorrectPassword -->
